  pch.cpp
  Application.cpp
  Log.cpp
c:\dev\workspace\2dgameengine\2dgameengine\src\log.h(20): warning C4251: 'Engine::Log::s_CoreLogger': class 'std::shared_ptr<spdlog::logger>' needs to have dll-interface to be used by clients of class 'Engine::Log'
  c:\dev\workspace\2dgameengine\2dgameengine\include\spdlog\logger.h(158): note: see declaration of 'std::shared_ptr<spdlog::logger>'
c:\dev\workspace\2dgameengine\2dgameengine\src\log.h(21): warning C4251: 'Engine::Log::s_AppLogger': class 'std::shared_ptr<spdlog::logger>' needs to have dll-interface to be used by clients of class 'Engine::Log'
  c:\dev\workspace\2dgameengine\2dgameengine\include\spdlog\logger.h(158): note: see declaration of 'std::shared_ptr<spdlog::logger>'
  DisplayManager.cpp
c:\dev\workspace\2dgameengine\2dgameengine\src\rendering\display\displaymanager.h(42): warning C4251: 'DisplayManager::m_inputCallbacks': class 'std::vector<std::function<void (GLFWwindow *)>,std::allocator<_Ty>>' needs to have dll-interface to be used by clients of class 'DisplayManager'
          with
          [
              _Ty=std::function<void (GLFWwindow *)>
          ]
  c:\dev\workspace\2dgameengine\2dgameengine\src\rendering\display\displaymanager.h(42): note: see declaration of 'std::vector<std::function<void (GLFWwindow *)>,std::allocator<_Ty>>'
          with
          [
              _Ty=std::function<void (GLFWwindow *)>
          ]
c:\dev\workspace\2dgameengine\2dgameengine\src\rendering\display\displaymanager.h(43): warning C4251: 'DisplayManager::m_resizeCallbacks': class 'std::vector<std::function<void (const WindowSize &)>,std::allocator<_Ty>>' needs to have dll-interface to be used by clients of class 'DisplayManager'
          with
          [
              _Ty=std::function<void (const WindowSize &)>
          ]
  c:\dev\workspace\2dgameengine\2dgameengine\src\rendering\display\displaymanager.h(43): note: see declaration of 'std::vector<std::function<void (const WindowSize &)>,std::allocator<_Ty>>'
          with
          [
              _Ty=std::function<void (const WindowSize &)>
          ]
  TexturedModel.cpp
  VertexObjectLoader.cpp
c:\dev\workspace\2dgameengine\2dgameengine\src\rendering\models\vertexobjectloader.h(31): warning C4251: 'VertexObjectLoader::m_vaos': class 'std::vector<GLuint,std::allocator<_Ty>>' needs to have dll-interface to be used by clients of class 'VertexObjectLoader'
          with
          [
              _Ty=GLuint
          ]
  c:\dev\workspace\2dgameengine\2dgameengine\src\rendering\models\vertexobjectloader.h(31): note: see declaration of 'std::vector<GLuint,std::allocator<_Ty>>'
          with
          [
              _Ty=GLuint
          ]
c:\dev\workspace\2dgameengine\2dgameengine\src\rendering\models\vertexobjectloader.h(32): warning C4251: 'VertexObjectLoader::m_vbos': class 'std::vector<GLuint,std::allocator<_Ty>>' needs to have dll-interface to be used by clients of class 'VertexObjectLoader'
          with
          [
              _Ty=GLuint
          ]
  c:\dev\workspace\2dgameengine\2dgameengine\src\rendering\models\vertexobjectloader.h(31): note: see declaration of 'std::vector<GLuint,std::allocator<_Ty>>'
          with
          [
              _Ty=GLuint
          ]
  GuiRenderer.cpp
c:\dev\workspace\2dgameengine\2dgameengine\src\rendering\models\vertexobjectloader.h(31): warning C4251: 'VertexObjectLoader::m_vaos': class 'std::vector<GLuint,std::allocator<_Ty>>' needs to have dll-interface to be used by clients of class 'VertexObjectLoader'
          with
          [
              _Ty=GLuint
          ]
  c:\dev\workspace\2dgameengine\2dgameengine\src\rendering\models\vertexobjectloader.h(31): note: see declaration of 'std::vector<GLuint,std::allocator<_Ty>>'
          with
          [
              _Ty=GLuint
          ]
c:\dev\workspace\2dgameengine\2dgameengine\src\rendering\models\vertexobjectloader.h(32): warning C4251: 'VertexObjectLoader::m_vbos': class 'std::vector<GLuint,std::allocator<_Ty>>' needs to have dll-interface to be used by clients of class 'VertexObjectLoader'
          with
          [
              _Ty=GLuint
          ]
  c:\dev\workspace\2dgameengine\2dgameengine\src\rendering\models\vertexobjectloader.h(31): note: see declaration of 'std::vector<GLuint,std::allocator<_Ty>>'
          with
          [
              _Ty=GLuint
          ]
c:\dev\workspace\2dgameengine\2dgameengine\src\rendering\entities\guientity.h(13): warning C4251: 'GuiEntity::position': struct 'glm::vec<2,float,0>' needs to have dll-interface to be used by clients of struct 'GuiEntity'
  c:\dev\workspace\2dgameengine\2dgameengine\include\glm\fwd.hpp(417): note: see declaration of 'glm::vec<2,float,0>'
c:\dev\workspace\2dgameengine\2dgameengine\src\rendering\entities\guientity.h(14): warning C4251: 'GuiEntity::scale': struct 'glm::vec<2,float,0>' needs to have dll-interface to be used by clients of struct 'GuiEntity'
  c:\dev\workspace\2dgameengine\2dgameengine\include\glm\fwd.hpp(417): note: see declaration of 'glm::vec<2,float,0>'
  Renderer2D.cpp
c:\dev\workspace\2dgameengine\2dgameengine\src\rendering\models\vertexobjectloader.h(31): warning C4251: 'VertexObjectLoader::m_vaos': class 'std::vector<GLuint,std::allocator<_Ty>>' needs to have dll-interface to be used by clients of class 'VertexObjectLoader'
          with
          [
              _Ty=GLuint
          ]
  c:\dev\workspace\2dgameengine\2dgameengine\src\rendering\models\vertexobjectloader.h(31): note: see declaration of 'std::vector<GLuint,std::allocator<_Ty>>'
          with
          [
              _Ty=GLuint
          ]
c:\dev\workspace\2dgameengine\2dgameengine\src\rendering\models\vertexobjectloader.h(32): warning C4251: 'VertexObjectLoader::m_vbos': class 'std::vector<GLuint,std::allocator<_Ty>>' needs to have dll-interface to be used by clients of class 'VertexObjectLoader'
          with
          [
              _Ty=GLuint
          ]
  c:\dev\workspace\2dgameengine\2dgameengine\src\rendering\models\vertexobjectloader.h(31): note: see declaration of 'std::vector<GLuint,std::allocator<_Ty>>'
          with
          [
              _Ty=GLuint
          ]
c:\dev\workspace\2dgameengine\2dgameengine\src\rendering\entities\camera.h(12): warning C4251: 'Camera::position': struct 'glm::vec<2,float,0>' needs to have dll-interface to be used by clients of class 'Camera'
  c:\dev\workspace\2dgameengine\2dgameengine\include\glm\fwd.hpp(417): note: see declaration of 'glm::vec<2,float,0>'
c:\dev\workspace\2dgameengine\2dgameengine\src\rendering\entities\entity.h(15): warning C4251: 'Entity::position': struct 'glm::vec<2,float,0>' needs to have dll-interface to be used by clients of struct 'Entity'
  c:\dev\workspace\2dgameengine\2dgameengine\include\glm\fwd.hpp(417): note: see declaration of 'glm::vec<2,float,0>'
c:\dev\workspace\2dgameengine\2dgameengine\src\rendering\entities\entity.h(17): warning C4251: 'Entity::scale': struct 'glm::vec<2,float,0>' needs to have dll-interface to be used by clients of struct 'Entity'
  c:\dev\workspace\2dgameengine\2dgameengine\include\glm\fwd.hpp(417): note: see declaration of 'glm::vec<2,float,0>'
c:\dev\workspace\2dgameengine\2dgameengine\src\rendering\display\displaymanager.h(42): warning C4251: 'DisplayManager::m_inputCallbacks': class 'std::vector<std::function<void (GLFWwindow *)>,std::allocator<_Ty>>' needs to have dll-interface to be used by clients of class 'DisplayManager'
          with
          [
              _Ty=std::function<void (GLFWwindow *)>
          ]
  c:\dev\workspace\2dgameengine\2dgameengine\src\rendering\display\displaymanager.h(42): note: see declaration of 'std::vector<std::function<void (GLFWwindow *)>,std::allocator<_Ty>>'
          with
          [
              _Ty=std::function<void (GLFWwindow *)>
          ]
c:\dev\workspace\2dgameengine\2dgameengine\src\rendering\display\displaymanager.h(43): warning C4251: 'DisplayManager::m_resizeCallbacks': class 'std::vector<std::function<void (const WindowSize &)>,std::allocator<_Ty>>' needs to have dll-interface to be used by clients of class 'DisplayManager'
          with
          [
              _Ty=std::function<void (const WindowSize &)>
          ]
  c:\dev\workspace\2dgameengine\2dgameengine\src\rendering\display\displaymanager.h(43): note: see declaration of 'std::vector<std::function<void (const WindowSize &)>,std::allocator<_Ty>>'
          with
          [
              _Ty=std::function<void (const WindowSize &)>
          ]
c:\dev\workspace\2dgameengine\2dgameengine\src\rendering\renderers\renderer2d.h(37): warning C4251: 'Renderer2D::m_projectionMatrix': struct 'glm::mat<4,4,glm::f32,0>' needs to have dll-interface to be used by clients of class 'Renderer2D'
  c:\dev\workspace\2dgameengine\2dgameengine\include\glm\fwd.hpp(518): note: see declaration of 'glm::mat<4,4,glm::f32,0>'
  GuiShader.cpp
  Shader2D.cpp
c:\dev\workspace\2dgameengine\2dgameengine\src\rendering\shaders\shader2d.cpp(41): warning C4244: 'argument': conversion from 'const int' to 'GLfloat', possible loss of data
c:\dev\workspace\2dgameengine\2dgameengine\src\rendering\shaders\shader2d.cpp(42): warning C4244: 'argument': conversion from 'const int' to 'GLfloat', possible loss of data
c:\dev\workspace\2dgameengine\2dgameengine\src\rendering\shaders\shader2d.cpp(43): warning C4244: 'argument': conversion from 'const int' to 'GLfloat', possible loss of data
  ShaderProgram.cpp
  AnimatedTextureData.cpp
  AnimatedTexturedModel.cpp
  AnimationUpdater.cpp
c:\dev\workspace\2dgameengine\2dgameengine\src\rendering\textures\animations\animationupdater.h(18): warning C4251: 'AnimationUpdater::m_animationUpdateFunctions': class 'std::vector<std::function<void (void)>,std::allocator<_Ty>>' needs to have dll-interface to be used by clients of class 'AnimationUpdater'
          with
          [
              _Ty=std::function<void (void)>
          ]
  c:\dev\workspace\2dgameengine\2dgameengine\src\rendering\textures\animations\animationupdater.h(18): note: see declaration of 'std::vector<std::function<void (void)>,std::allocator<_Ty>>'
          with
          [
              _Ty=std::function<void (void)>
          ]
  TextureLoader.cpp
c:\dev\workspace\2dgameengine\2dgameengine\src\rendering\textures\textureloader.h(21): warning C4251: 'TextureLoader::m_textures': class 'std::vector<GLuint,std::allocator<_Ty>>' needs to have dll-interface to be used by clients of class 'TextureLoader'
          with
          [
              _Ty=GLuint
          ]
  c:\dev\workspace\2dgameengine\2dgameengine\src\rendering\textures\textureloader.h(21): note: see declaration of 'std::vector<GLuint,std::allocator<_Ty>>'
          with
          [
              _Ty=GLuint
          ]
  Maths.cpp
  Generating Code...
  glm.cpp
  stb_image.cpp
  Generating Code...
  glad.c
  glad_glx.c
  glad_wgl.c
  Generating Code...
     Creating library C:\dev\workspace\2DGameEngine\bin\Debug_Win32\2DGameEngine\2DGameEngine.lib and object C:\dev\workspace\2DGameEngine\bin\Debug_Win32\2DGameEngine\2DGameEngine.exp
glfw3.lib(context.obj) : warning LNK4099: PDB 'glfw.pdb' was not found with 'glfw3.lib(context.obj)' or at 'C:\dev\workspace\2DGameEngine\bin\Debug_Win32\2DGameEngine\glfw.pdb'; linking object as if no debug info
glfw3.lib(init.obj) : warning LNK4099: PDB 'glfw.pdb' was not found with 'glfw3.lib(init.obj)' or at 'C:\dev\workspace\2DGameEngine\bin\Debug_Win32\2DGameEngine\glfw.pdb'; linking object as if no debug info
glfw3.lib(input.obj) : warning LNK4099: PDB 'glfw.pdb' was not found with 'glfw3.lib(input.obj)' or at 'C:\dev\workspace\2DGameEngine\bin\Debug_Win32\2DGameEngine\glfw.pdb'; linking object as if no debug info
glfw3.lib(monitor.obj) : warning LNK4099: PDB 'glfw.pdb' was not found with 'glfw3.lib(monitor.obj)' or at 'C:\dev\workspace\2DGameEngine\bin\Debug_Win32\2DGameEngine\glfw.pdb'; linking object as if no debug info
glfw3.lib(vulkan.obj) : warning LNK4099: PDB 'glfw.pdb' was not found with 'glfw3.lib(vulkan.obj)' or at 'C:\dev\workspace\2DGameEngine\bin\Debug_Win32\2DGameEngine\glfw.pdb'; linking object as if no debug info
glfw3.lib(window.obj) : warning LNK4099: PDB 'glfw.pdb' was not found with 'glfw3.lib(window.obj)' or at 'C:\dev\workspace\2DGameEngine\bin\Debug_Win32\2DGameEngine\glfw.pdb'; linking object as if no debug info
glfw3.lib(win32_init.obj) : warning LNK4099: PDB 'glfw.pdb' was not found with 'glfw3.lib(win32_init.obj)' or at 'C:\dev\workspace\2DGameEngine\bin\Debug_Win32\2DGameEngine\glfw.pdb'; linking object as if no debug info
glfw3.lib(win32_joystick.obj) : warning LNK4099: PDB 'glfw.pdb' was not found with 'glfw3.lib(win32_joystick.obj)' or at 'C:\dev\workspace\2DGameEngine\bin\Debug_Win32\2DGameEngine\glfw.pdb'; linking object as if no debug info
glfw3.lib(win32_monitor.obj) : warning LNK4099: PDB 'glfw.pdb' was not found with 'glfw3.lib(win32_monitor.obj)' or at 'C:\dev\workspace\2DGameEngine\bin\Debug_Win32\2DGameEngine\glfw.pdb'; linking object as if no debug info
glfw3.lib(win32_time.obj) : warning LNK4099: PDB 'glfw.pdb' was not found with 'glfw3.lib(win32_time.obj)' or at 'C:\dev\workspace\2DGameEngine\bin\Debug_Win32\2DGameEngine\glfw.pdb'; linking object as if no debug info
glfw3.lib(win32_tls.obj) : warning LNK4099: PDB 'glfw.pdb' was not found with 'glfw3.lib(win32_tls.obj)' or at 'C:\dev\workspace\2DGameEngine\bin\Debug_Win32\2DGameEngine\glfw.pdb'; linking object as if no debug info
glfw3.lib(win32_window.obj) : warning LNK4099: PDB 'glfw.pdb' was not found with 'glfw3.lib(win32_window.obj)' or at 'C:\dev\workspace\2DGameEngine\bin\Debug_Win32\2DGameEngine\glfw.pdb'; linking object as if no debug info
glfw3.lib(wgl_context.obj) : warning LNK4099: PDB 'glfw.pdb' was not found with 'glfw3.lib(wgl_context.obj)' or at 'C:\dev\workspace\2DGameEngine\bin\Debug_Win32\2DGameEngine\glfw.pdb'; linking object as if no debug info
glfw3.lib(egl_context.obj) : warning LNK4099: PDB 'glfw.pdb' was not found with 'glfw3.lib(egl_context.obj)' or at 'C:\dev\workspace\2DGameEngine\bin\Debug_Win32\2DGameEngine\glfw.pdb'; linking object as if no debug info
  2DGameEngine.vcxproj -> C:\dev\workspace\2DGameEngine\bin\Debug_Win32\2DGameEngine\2DGameEngine.dll

Project Performance Summary:
    22185 ms  C:\dev\workspace\2DGameEngine\2DGameEngine\2DGameEngine.vcxproj   1 calls
              22185 ms  Build                                      1 calls

Target Performance Summary:
        0 ms  AfterResourceCompile                       1 calls
        0 ms  CreateCustomManifestResourceNames          1 calls
        0 ms  ComputeManifestInputsTargets               1 calls
        0 ms  ComputeLinkInputsFromProject               1 calls
        0 ms  ComputeCLGeneratedLinkInputs               1 calls
        0 ms  ComputeManifestGeneratedLinkerInputs       1 calls
        0 ms  ComputeRCGeneratedLinkInputs               1 calls
        0 ms  ComputeRCOutputs                           1 calls
        0 ms  PrepareResourceNames                       1 calls
        0 ms  BeforeLink                                 1 calls
        0 ms  _BuildCompileAction                        1 calls
        0 ms  AfterBuildCompileEvent                     1 calls
        0 ms  _ResourceCompile                           1 calls
        0 ms  BeforeResourceCompile                      1 calls
        0 ms  _ClCompile                                 1 calls
        0 ms  AfterClCompile                             1 calls
        0 ms  SelectClCompile                            1 calls
        0 ms  BuildCompile                               1 calls
        0 ms  PreLinkEvent                               1 calls
        0 ms  AfterLink                                  1 calls
        0 ms  _Link                                      1 calls
        0 ms  AfterBuild                                 1 calls
        0 ms  BuildLink                                  1 calls
        0 ms  _BuildLinkAction                           1 calls
        0 ms  PostBuildEvent                             1 calls
        0 ms  PrepareForRun                              1 calls
        0 ms  _CopySourceItemsToOutputDirectory          1 calls
        0 ms  _Deploy                                    1 calls
        0 ms  _Appverifier                               1 calls
        0 ms  CreateSatelliteAssemblies                  1 calls
        0 ms  _BscMake                                   1 calls
        0 ms  MakeDirsForBscMake                         1 calls
        0 ms  ComputeCLCompileGeneratedSbrFiles          1 calls
        0 ms  _XdcMake                                   1 calls
        0 ms  MakeDirsForXdcMake                         1 calls
        0 ms  ResolvedXDCMake                            1 calls
        0 ms  _Manifest                                  1 calls
        0 ms  _ALink                                     1 calls
        0 ms  SelectCustomBuild                          1 calls
        0 ms  ComputeCLInputPDBName                      1 calls
        0 ms  Build                                      1 calls
        0 ms  BuildCompileTraverse                       1 calls
        0 ms  _SplitProjectReferencesByFileExistence     1 calls
        0 ms  AfterResolveReferences                     1 calls
        0 ms  BeforeBuildGenerateSources                 1 calls
        0 ms  PreBuildEvent                              1 calls
        0 ms  _SelectedFiles                             1 calls
        0 ms  BeforeClCompile                            1 calls
        0 ms  PrepareProjectReferences                   1 calls
        0 ms  _Xsd                                       1 calls
        0 ms  MakeDirsForMidl                            1 calls
        0 ms  ComputeMIDLGeneratedCompileInputs          1 calls
        0 ms  ExpandSDKReferences                        1 calls
        0 ms  GetFrameworkPaths                          1 calls
        0 ms  _Midl                                      1 calls
        0 ms  AfterBuildGenerateSources                  1 calls
        0 ms  AfterBuildGenerateSourcesEvent             1 calls
        0 ms  _BuildGenerateSourcesAction                1 calls
        0 ms  BuildGenerateSources                       1 calls
        0 ms  BeforeResolveReferences                    1 calls
        0 ms  PlatformPrepareForBuild                    1 calls
        0 ms  ResolveReferences                          1 calls
        1 ms  ComputeLegacyManifestEmbedding             1 calls
        1 ms  BuildGenerateSourcesTraverse               1 calls
        1 ms  AssignProjectConfiguration                 1 calls
        1 ms  MakeDirsForResourceCompile                 1 calls
        1 ms  GetReferenceAssemblyPaths                  1 calls
        1 ms  _CheckWindowsSDKInstalled                  1 calls
        1 ms  ComputeCustomBuildOutput                   1 calls
        1 ms  _PrepareForBuild                           1 calls
        1 ms  RegisterOutput                             1 calls
        1 ms  _CheckForCompileOutputs                    1 calls
        1 ms  BuildLinkTraverse                          1 calls
        1 ms  GetCopyToOutputDirectoryItems              1 calls
        1 ms  SetCABuildNativeEnvironmentVariables       1 calls
        1 ms  ComputeReferenceCLInput                    1 calls
        1 ms  ComputeLinkSwitches                        1 calls
        1 ms  ComputeCLCompileGeneratedXDCFiles          1 calls
        1 ms  _GenerateSatelliteAssemblyInputs           1 calls
        1 ms  GetCopyToOutputDirectoryXamlAppDefs        1 calls
        1 ms  AfterMidl                                  1 calls
        1 ms  CopyFilesToOutputDirectory                 1 calls
        1 ms  DoLinkOutputFilesMatch                     1 calls
        1 ms  SetBuildDefaultEnvironmentVariables        1 calls
        1 ms  _PrepareForReferenceResolution             1 calls
        1 ms  GetResolvedWinMD                           1 calls
        1 ms  ResolveSDKReferences                       1 calls
        1 ms  ResolveAssemblyReferences                  1 calls
        2 ms  SplitResourcesByCulture                    1 calls
        2 ms  MakeDirsForLink                            1 calls
        2 ms  FixupCLCompileOptions                      1 calls
        3 ms  MakeDirsForCl                              1 calls
        3 ms  FinalizeBuildStatus                        1 calls
        3 ms  _GetProjectReferenceTargetFrameworkProperties   1 calls
        3 ms  ComputeCLOutputs                           1 calls
        4 ms  SetTelemetryEnvironmentVariables           1 calls
        4 ms  ComputeLinkImportLibraryOutputsForClean    1 calls
        7 ms  AssignTargetPaths                          1 calls
        7 ms  InitializeBuildStatus                      1 calls
       10 ms  _CheckForInvalidConfigurationAndPlatform   1 calls
       11 ms  WarnCompileDuplicatedFilename              1 calls
       11 ms  PrepareForBuild                            1 calls
       13 ms  CopyFileToFolders                          1 calls
       30 ms  ResolveProjectReferences                   1 calls
       38 ms  _HandlePackageFileConflicts                1 calls
     1699 ms  Link                                       1 calls
    20300 ms  ClCompile                                  1 calls

Task Performance Summary:
        0 ms  AssignCulture                              1 calls
        1 ms  AssignProjectConfiguration                 1 calls
        1 ms  MSBuild                                    1 calls
        1 ms  ReadLinesFromFile                          1 calls
        1 ms  Message                                    3 calls
        1 ms  Delete                                     3 calls
        3 ms  MakeDir                                    9 calls
        4 ms  AssignTargetPath                           6 calls
        4 ms  WriteLinesToFile                           2 calls
        5 ms  Touch                                      2 calls
        6 ms  SetEnv                                     8 calls
       12 ms  GetOutOfDateItems                          1 calls
       34 ms  ResolvePackageFileConflicts                1 calls
     1692 ms  Link                                       1 calls
    20293 ms  CL                                         4 calls
