c:\dev\workspace\2dgameengine\bin\debug_win32\2dgameengine\2dgameengine.lib
c:\dev\workspace\2dgameengine\bin\debug_win32\2dgameengine\2dgameengine.exp
c:\dev\workspace\2dgameengine\bin-int\debug_win32\2dgameengine\vc141.pdb
c:\dev\workspace\2dgameengine\bin-int\debug_win32\2dgameengine\vc141.idb
c:\dev\workspace\2dgameengine\bin-int\debug_win32\2dgameengine\maths.obj
c:\dev\workspace\2dgameengine\bin-int\debug_win32\2dgameengine\textureloader.obj
c:\dev\workspace\2dgameengine\bin-int\debug_win32\2dgameengine\animationupdater.obj
c:\dev\workspace\2dgameengine\bin-int\debug_win32\2dgameengine\animatedtexturedmodel.obj
c:\dev\workspace\2dgameengine\bin-int\debug_win32\2dgameengine\animatedtexturedata.obj
c:\dev\workspace\2dgameengine\bin-int\debug_win32\2dgameengine\shaderprogram.obj
c:\dev\workspace\2dgameengine\bin-int\debug_win32\2dgameengine\shader2d.obj
c:\dev\workspace\2dgameengine\bin-int\debug_win32\2dgameengine\guishader.obj
c:\dev\workspace\2dgameengine\bin-int\debug_win32\2dgameengine\renderer2d.obj
c:\dev\workspace\2dgameengine\bin-int\debug_win32\2dgameengine\guirenderer.obj
c:\dev\workspace\2dgameengine\bin-int\debug_win32\2dgameengine\vertexobjectloader.obj
c:\dev\workspace\2dgameengine\bin-int\debug_win32\2dgameengine\texturedmodel.obj
c:\dev\workspace\2dgameengine\bin-int\debug_win32\2dgameengine\displaymanager.obj
c:\dev\workspace\2dgameengine\bin-int\debug_win32\2dgameengine\main.obj
c:\dev\workspace\2dgameengine\bin-int\debug_win32\2dgameengine\log.obj
c:\dev\workspace\2dgameengine\bin-int\debug_win32\2dgameengine\application.obj
c:\dev\workspace\2dgameengine\bin-int\debug_win32\2dgameengine\stb_image.obj
c:\dev\workspace\2dgameengine\bin-int\debug_win32\2dgameengine\glm.obj
c:\dev\workspace\2dgameengine\bin-int\debug_win32\2dgameengine\glad_wgl.obj
c:\dev\workspace\2dgameengine\bin-int\debug_win32\2dgameengine\glad_glx.obj
c:\dev\workspace\2dgameengine\bin-int\debug_win32\2dgameengine\glad.obj
c:\dev\workspace\2dgameengine\bin-int\debug_win32\2dgameengine\2dgameengine.pch
c:\dev\workspace\2dgameengine\bin-int\debug_win32\2dgameengine\pch.obj
c:\dev\workspace\2dgameengine\bin\debug_win32\2dgameengine\2dgameengine.dll
c:\dev\workspace\2dgameengine\bin\debug_win32\2dgameengine\2dgameengine.ilk
c:\dev\workspace\2dgameengine\bin\debug_win32\2dgameengine\2dgameengine.pdb
c:\dev\workspace\2dgameengine\bin-int\debug_win32\2dgameengine\2dgameengine.tlog\2dgameengine.write.1u.tlog
c:\dev\workspace\2dgameengine\bin-int\debug_win32\2dgameengine\2dgameengine.tlog\cl.command.1.tlog
c:\dev\workspace\2dgameengine\bin-int\debug_win32\2dgameengine\2dgameengine.tlog\cl.read.1.tlog
c:\dev\workspace\2dgameengine\bin-int\debug_win32\2dgameengine\2dgameengine.tlog\cl.write.1.tlog
c:\dev\workspace\2dgameengine\bin-int\debug_win32\2dgameengine\2dgameengine.tlog\link.3484.delete.1.tlog
c:\dev\workspace\2dgameengine\bin-int\debug_win32\2dgameengine\2dgameengine.tlog\link.6012.delete.1.tlog
c:\dev\workspace\2dgameengine\bin-int\debug_win32\2dgameengine\2dgameengine.tlog\link.6336.delete.1.tlog
c:\dev\workspace\2dgameengine\bin-int\debug_win32\2dgameengine\2dgameengine.tlog\link.command.1.tlog
c:\dev\workspace\2dgameengine\bin-int\debug_win32\2dgameengine\2dgameengine.tlog\link.read.1.tlog
c:\dev\workspace\2dgameengine\bin-int\debug_win32\2dgameengine\2dgameengine.tlog\link.write.1.tlog
